<?xml version="1.0" encoding="UTF-8"?>
<testsuite xmlns:xsi="http://www.w3.org/2001/XMLSchema-instance" xsi:noNamespaceSchemaLocation="https://maven.apache.org/surefire/maven-surefire-plugin/xsd/surefire-test-report.xsd" name="TestSuite" time="16.273" tests="3" errors="0" skipped="0" failures="0">
  <properties>
[...]
</properties>
  <testcase name="addNewUser" classname="teladoc_challenge.AddNewUser" time="4.606"/>
  <testcase name="addNewUser" classname="teladoc_challenge.AddNewUser" time="1.813"/>
  <testcase name="DeleteUser" classname="teladoc_challenge.DeleteRecord" time="2.697"/>
</testsuite>