<?xml version="1.0" encoding="UTF-8"?>
<testng-results ignored="0" total="2" passed="2" failed="0" skipped="0">
  <reporter-output>
  </reporter-output>
  <suite started-at="2021-11-07T02:20:54 CST" name="Suite" finished-at="2021-11-07T02:21:04 CST" duration-ms="10332">
    <groups>
    </groups>
    <test started-at="2021-11-07T02:20:54 CST" name="Add New User" finished-at="2021-11-07T02:21:00 CST" duration-ms="6118">
      <class name="teladoc_challenge.AddNewUser">
        <test-method is-config="true" signature="initilizeDriver()[pri:0, instance:teladoc_challenge.AddNewUser@797501a]" started-at="2021-11-07T02:20:54 CST" name="initilizeDriver" finished-at="2021-11-07T02:20:56 CST" duration-ms="2198" status="PASS">
          <reporter-output>
          </reporter-output>
        </test-method> <!-- initilizeDriver -->
        <test-method signature="addNewUser(java.lang.String,java.lang.String,java.lang.String,java.lang.String,java.lang.String,java.lang.String,java.lang.String,java.lang.String)[pri:0, instance:teladoc_challenge.AddNewUser@797501a]" started-at="2021-11-07T02:20:56 CST" name="addNewUser" data-provider="getData" finished-at="2021-11-07T02:21:00 CST" duration-ms="3714" status="PASS">
          <params>
            <param index="0">
              <value>
                <![CDATA[TestFM]]>
              </value>
            </param>
            <param index="1">
              <value>
                <![CDATA[NameLast]]>
              </value>
            </param>
            <param index="2">
              <value>
                <![CDATA[testUserv]]>
              </value>
            </param>
            <param index="3">
              <value>
                <![CDATA[Password@1]]>
              </value>
            </param>
            <param index="4">
              <value>
                <![CDATA[15]]>
              </value>
            </param>
            <param index="5">
              <value>
                <![CDATA[2]]>
              </value>
            </param>
            <param index="6">
              <value>
                <![CDATA[12test11212@gmail.com]]>
              </value>
            </param>
            <param index="7">
              <value>
                <![CDATA[3214567890]]>
              </value>
            </param>
          </params>
          <reporter-output>
          </reporter-output>
        </test-method> <!-- addNewUser -->
        <test-method is-config="true" signature="teardown()[pri:0, instance:teladoc_challenge.AddNewUser@797501a]" started-at="2021-11-07T02:21:00 CST" name="teardown" finished-at="2021-11-07T02:21:00 CST" duration-ms="166" status="PASS">
          <reporter-output>
          </reporter-output>
        </test-method> <!-- teardown -->
      </class> <!-- teladoc_challenge.AddNewUser -->
    </test> <!-- Add New User -->
    <test started-at="2021-11-07T02:21:01 CST" name="Delete User" finished-at="2021-11-07T02:21:04 CST" duration-ms="3877">
      <class name="teladoc_challenge.DeleteRecord">
        <test-method is-config="true" signature="initilizeDriver()[pri:0, instance:teladoc_challenge.DeleteRecord@2a7b6f69]" started-at="2021-11-07T02:21:01 CST" name="initilizeDriver" finished-at="2021-11-07T02:21:02 CST" duration-ms="1203" status="PASS">
          <reporter-output>
          </reporter-output>
        </test-method> <!-- initilizeDriver -->
        <test-method signature="DeleteNewUser(java.lang.String)[pri:0, instance:teladoc_challenge.DeleteRecord@2a7b6f69]" started-at="2021-11-07T02:21:02 CST" name="DeleteNewUser" data-provider="getDeleteData" finished-at="2021-11-07T02:21:04 CST" duration-ms="2606" status="PASS">
          <params>
            <param index="0">
              <value>
                <![CDATA[novak]]>
              </value>
            </param>
          </params>
          <reporter-output>
          </reporter-output>
        </test-method> <!-- DeleteNewUser -->
        <test-method is-config="true" signature="teardown()[pri:0, instance:teladoc_challenge.DeleteRecord@2a7b6f69]" started-at="2021-11-07T02:21:04 CST" name="teardown" finished-at="2021-11-07T02:21:04 CST" duration-ms="65" status="PASS">
          <reporter-output>
          </reporter-output>
        </test-method> <!-- teardown -->
      </class> <!-- teladoc_challenge.DeleteRecord -->
    </test> <!-- Delete User -->
  </suite> <!-- Suite -->
</testng-results>
