<?xml version="1.0" encoding="UTF-8"?>
<testng-results ignored="0" total="1" passed="1" failed="0" skipped="0">
  <reporter-output>
  </reporter-output>
  <suite started-at="2021-11-07T20:10:27 CST" name="Default suite" finished-at="2021-11-07T20:10:35 CST" duration-ms="8478">
    <groups>
    </groups>
    <test started-at="2021-11-07T20:10:27 CST" name="Default test" finished-at="2021-11-07T20:10:35 CST" duration-ms="8478">
      <class name="teladoc_challenge.DeleteRecord">
        <test-method is-config="true" signature="initilizeDriver()[pri:0, instance:teladoc_challenge.DeleteRecord@43b4fe19]" started-at="2021-11-07T20:10:27 CST" name="initilizeDriver" finished-at="2021-11-07T20:10:31 CST" duration-ms="4504" status="PASS">
          <reporter-output>
          </reporter-output>
        </test-method> <!-- initilizeDriver -->
        <test-method signature="DeleteUser(java.lang.String)[pri:0, instance:teladoc_challenge.DeleteRecord@43b4fe19]" started-at="2021-11-07T20:10:31 CST" name="DeleteUser" data-provider="getDeleteData" finished-at="2021-11-07T20:10:35 CST" duration-ms="3060" status="PASS">
          <params>
            <param index="0">
              <value>
                <![CDATA[novak]]>
              </value>
            </param>
          </params>
          <reporter-output>
          </reporter-output>
        </test-method> <!-- DeleteUser -->
        <test-method is-config="true" signature="teardown()[pri:0, instance:teladoc_challenge.DeleteRecord@43b4fe19]" started-at="2021-11-07T20:10:35 CST" name="teardown" finished-at="2021-11-07T20:10:35 CST" duration-ms="869" status="PASS">
          <reporter-output>
          </reporter-output>
        </test-method> <!-- teardown -->
      </class> <!-- teladoc_challenge.DeleteRecord -->
    </test> <!-- Default test -->
  </suite> <!-- Default suite -->
</testng-results>
